2024-05-20 00:01:07 INFO  c.t.c.u.logging.LoggingManager - Create operation for Category ID: null, Created by: omer@gmail.com, Created date: 2024-05-20T00:01:07.456311300
2024-05-20 00:02:01 INFO  c.t.c.u.logging.LoggingManager - Update operation for Category ID: 71703c16-4028-4ffa-a614-b5e7c869c686, Updated by: omer@gmail.com, Updated date: 2024-05-20T00:02:01.761929800, Update details: Updated with params: Category(categoryName=Deneme, products=null), Success: true
2024-05-20 00:03:07 INFO  c.t.c.u.logging.LoggingManager - Soft delete executed for Category ID: 71703c16-4028-4ffa-a614-b5e7c869c686, Deleted by: omer@gmail.com, Delete date: 2024-05-20T00:03:07.922432100
2024-05-20 00:04:03 INFO  c.t.c.u.logging.LoggingManager - Create operation for Category ID: null, Created by: omer@gmail.com, Created date: 2024-05-20T00:04:03.532908400
2024-05-20 00:04:07 INFO  c.t.c.u.logging.LoggingManager - Soft delete executed for Category ID: 188f0eb6-f29b-4732-9e8a-a14eadf95414, Deleted by: omer@gmail.com, Delete date: 2024-05-20T00:04:07.059326300
2024-05-20 00:34:12 INFO  c.t.c.u.logging.LoggingManager - Create operation for Customer ID: null, Created by: omer@gmail.com, Created date: 2024-05-20T00:34:12.410396700
2024-05-20 00:34:18 INFO  c.t.c.u.logging.LoggingManager - Soft delete executed for Customer ID: 222382b6-00bc-4f6b-826a-ab06f51db716, Deleted by: omer@gmail.com, Delete date: 2024-05-20T00:34:18.524956600
2024-05-20 02:25:38 INFO  c.t.c.u.logging.LoggingManager - Create operation for Product ID: null, Created by: omer@gmail.com, Created date: 2024-05-20T02:25:38.417197700
2024-05-20 02:26:46 INFO  c.t.c.u.logging.LoggingManager - Update operation for Product ID: 39a21118-b14f-41d2-8095-f77a7dae86a4, Updated by: omer@gmail.com, Updated date: 2024-05-20T02:26:46.493714, Update details: Updated with params: Product(category=Category(categoryName=null, products=null), supplier=Supplier(companyName=null, contactName=null, contactEmail=null, contactPhone=null, taxNumber=null, address=null, products=null), productName=deneme, criticalCount=1, quantity=0, purchasePrice=2.0, unitPrice=3.0, orderDetails=null, shelfs=null, invoiceItems=null), Success: true
2024-05-20 02:26:52 INFO  c.t.c.u.logging.LoggingManager - Soft delete executed for Product ID: 39a21118-b14f-41d2-8095-f77a7dae86a4, Deleted by: omer@gmail.com, Delete date: 2024-05-20T02:26:52.209724400
2024-05-20 03:01:51 INFO  c.t.c.u.logging.LoggingManager - Soft delete executed for Shelf ID: 036e80d5-b39b-44a4-a138-cd04ba15f39b, Deleted by: omer@gmail.com, Delete date: 2024-05-20T03:01:51.125527700
2024-05-20 03:03:29 INFO  c.t.c.u.logging.LoggingManager - Create operation for Shelf ID: null, Created by: omer@gmail.com, Created date: 2024-05-20T03:03:29.265263700
2024-05-20 03:03:36 INFO  c.t.c.u.logging.LoggingManager - Create operation for Shelf ID: null, Created by: omer@gmail.com, Created date: 2024-05-20T03:03:36.536648500
2024-05-20 03:04:39 INFO  c.t.c.u.logging.LoggingManager - Update operation for Shelf ID: 94a893f8-dc2d-41b5-93e3-7a20d592a97b, Updated by: omer@gmail.com, Updated date: 2024-05-20T03:04:39.494636600, Update details: Updated with params: Shelf(count=0, capacity=7, product=null), Success: true
2024-05-20 03:04:45 INFO  c.t.c.u.logging.LoggingManager - Soft delete executed for Shelf ID: 94a893f8-dc2d-41b5-93e3-7a20d592a97b, Deleted by: omer@gmail.com, Delete date: 2024-05-20T03:04:45.423311700
2024-05-20 03:05:50 INFO  c.t.c.u.logging.LoggingManager - Create operation for User ID: null, Created by: omer@gmail.com, Created date: 2024-05-20T03:05:50.658878900
2024-05-20 03:06:02 INFO  c.t.c.u.logging.LoggingManager - Update operation for User ID: 99919401-88ab-4375-bbbe-8bee42572ce1, Updated by: omer@gmail.com, Updated date: 2024-05-20T03:06:02.770498900, Update details: Updated with params: User(id=99919401-88ab-4375-bbbe-8bee42572ce1, email=deneme@gmail.com), Success: true
2024-05-20 03:06:06 INFO  c.t.c.u.logging.LoggingManager - Soft delete executed for User ID: 99919401-88ab-4375-bbbe-8bee42572ce1, Deleted by: omer@gmail.com, Delete date: 2024-05-20T03:06:06.106115500
2024-05-20 03:09:08 INFO  c.t.c.u.logging.LoggingManager - Create operation for Category ID: null, Created by: omer@gmail.com, Created date: 2024-05-20T03:09:08.222514100
2024-05-20 03:09:15 INFO  c.t.c.u.logging.LoggingManager - Soft delete executed for Category ID: aad3eec6-135f-48b9-a73a-f8f5a70f474b, Deleted by: omer@gmail.com, Delete date: 2024-05-20T03:09:15.712069900
2024-05-20 14:18:46 INFO  c.t.c.u.logging.LoggingManager - Create operation for User ID: null, Created by: omer@gmail.com, Created date: 2024-05-20T14:18:46.295246100
2024-05-20 14:19:02 INFO  c.t.c.u.logging.LoggingManager - Update operation for User ID: 6888c820-4e3b-4c60-9f5d-9577fc200b68, Updated by: omer@gmail.com, Updated date: 2024-05-20T14:19:02.190958800, Update details: Updated with params: User(id=6888c820-4e3b-4c60-9f5d-9577fc200b68, email=deneme@gmail.com), Success: true
2024-05-20 15:07:28 INFO  c.t.c.u.logging.LoggingManager - Create operation for User ID: null, Created by: omer@gmail.com, Created date: 2024-05-20T15:07:28.807899900
2024-05-20 15:08:45 INFO  c.t.c.u.logging.LoggingManager - Create operation for User ID: null, Created by: omer@gmail.com, Created date: 2024-05-20T15:08:45.486255900
2024-05-20 15:20:01 INFO  c.t.c.u.logging.LoggingManager - Create operation for User ID: null, Created by: omer@gmail.com, Created date: 2024-05-20T15:20:01.118579900
2024-05-20 15:21:29 INFO  c.t.c.u.logging.LoggingManager - Update operation for User ID: 08a63b0a-8d2f-44b8-81a7-70c9cbecf10b, Updated by: omer@gmail.com, Updated date: 2024-05-20T15:21:29.075989, Update details: Updated with params: User(id=08a63b0a-8d2f-44b8-81a7-70c9cbecf10b, email=deneme@gmail.com), Success: true
2024-05-20 15:23:34 INFO  c.t.c.u.logging.LoggingManager - Update operation for User ID: 08a63b0a-8d2f-44b8-81a7-70c9cbecf10b, Updated by: omer@gmail.com, Updated date: 2024-05-20T15:23:34.101624100, Update details: Updated with params: User(id=08a63b0a-8d2f-44b8-81a7-70c9cbecf10b, email=test@gmail.com), Success: true
