2024-05-19 10:00:28 INFO  c.t.c.u.logging.LoggingManager - Create operation for Shelf ID: null, Created by: omer@gmail.com, Created date: 2024-05-19T10:00:28.489831500
2024-05-19 10:01:14 INFO  c.t.c.u.logging.LoggingManager - Update operation for Shelf ID: b5494f49-6a08-4367-b18c-d31572e0d82a, Updated by: omer@gmail.com, Updated date: 2024-05-19T10:01:14.501539300, Update details: Updated with params: [Shelf(count=0, capacity=7, product=null)]
2024-05-19 10:01:56 INFO  c.t.c.u.logging.LoggingManager - Update operation for Shelf ID: 036e80d5-b39b-44a4-a138-cd04ba15f39b, Updated by: omer@gmail.com, Updated date: 2024-05-19T10:01:56.687817600, Update details: Updated with params: [Shelf(count=0, capacity=8, product=null)]
2024-05-19 10:02:14 INFO  c.t.c.u.logging.LoggingManager - Update operation for Shelf ID: 036e80d5-b39b-44a4-a138-cd04ba15f39b, Updated by: omer@gmail.com, Updated date: 2024-05-19T10:02:14.319796, Update details: Updated with params: [Shelf(count=0, capacity=10, product=null)]
2024-05-19 10:02:18 INFO  c.t.c.u.logging.LoggingManager - Soft delete executed for Shelf ID: b5494f49-6a08-4367-b18c-d31572e0d82a, Deleted by: omer@gmail.com, Delete date: 2024-05-19T10:02:18.025382
2024-05-19 10:58:46 INFO  c.t.c.u.logging.LoggingManager - Create operation for Category ID: null, Created by: omer@gmail.com, Created date: 2024-05-19T10:58:46.081317500
2024-05-19 11:01:55 INFO  c.t.c.u.logging.LoggingManager - Update operation for Category ID: 9cbfe3ab-b801-468e-9a94-fb3ff74b67ad, Updated by: omer@gmail.com, Updated date: 2024-05-19T11:01:55.235273, Update details: Updated with params: [Category(categoryName=deneme, products=null)]
2024-05-19 11:27:44 INFO  c.t.c.u.logging.LoggingManager - Create operation for Category ID: null, Created by: omer@gmail.com, Created date: 2024-05-19T11:27:44.619553900
2024-05-19 11:28:30 INFO  c.t.c.u.logging.LoggingManager - Soft delete executed for Category ID: 9cbfe3ab-b801-468e-9a94-fb3ff74b67ad, Deleted by: omer@gmail.com, Delete date: 2024-05-19T11:28:30.033072100
2024-05-19 11:28:55 INFO  c.t.c.u.logging.LoggingManager - Update operation for Category ID: 66ecc31a-9ffc-47bf-96f8-ff691077ca7b, Updated by: omer@gmail.com, Updated date: 2024-05-19T11:28:55.611652500, Update details: Updated with params: [Category(categoryName=deneme, products=null)]
2024-05-19 11:29:16 INFO  c.t.c.u.logging.LoggingManager - Soft delete executed for Category ID: 66ecc31a-9ffc-47bf-96f8-ff691077ca7b, Deleted by: omer@gmail.com, Delete date: 2024-05-19T11:29:16.983385800
2024-05-19 21:20:31 INFO  c.t.c.u.logging.LoggingManager - Create operation for Customer ID: null, Created by: omer@gmail.com, Created date: 2024-05-19T21:20:31.514121
2024-05-19 21:22:21 INFO  c.t.c.u.logging.LoggingManager - Create operation for Customer ID: null, Created by: omer@gmail.com, Created date: 2024-05-19T21:22:21.065594700
2024-05-19 21:22:43 INFO  c.t.c.u.logging.LoggingManager - Update operation for Customer ID: 9610053a-aa34-4b33-914b-b34e1dd4c0be, Updated by: omer@gmail.com, Updated date: 2024-05-19T21:22:43.086762500, Update details: Updated with params: [Customer(companyName=deneme, contactName=test, contactEmail=test, contactPhone=23456787, taxNumber=null, address=test, orders=null, invoices=null)]
2024-05-19 21:23:07 INFO  c.t.c.u.logging.LoggingManager - Soft delete executed for Customer ID: 9610053a-aa34-4b33-914b-b34e1dd4c0be, Deleted by: omer@gmail.com, Delete date: 2024-05-19T21:23:07.413472400
2024-05-19 21:23:35 INFO  c.t.c.u.logging.LoggingManager - Create operation for Supplier ID: null, Created by: omer@gmail.com, Created date: 2024-05-19T21:23:35.963891200
2024-05-19 21:24:12 INFO  c.t.c.u.logging.LoggingManager - Soft delete executed for Supplier ID: 08383363-6218-4d38-8573-ecbb84703fc1, Deleted by: omer@gmail.com, Delete date: 2024-05-19T21:24:12.255479600
2024-05-19 21:25:44 INFO  c.t.c.u.logging.LoggingManager - Create operation for User ID: null, Created by: omer@gmail.com, Created date: 2024-05-19T21:25:44.252855100
2024-05-19 21:30:56 INFO  c.t.c.u.logging.LoggingManager - Create operation for User ID: null, Created by: omer@gmail.com, Created date: 2024-05-19T21:30:56.766824600, Success: true
2024-05-19 21:31:32 INFO  c.t.c.u.logging.LoggingManager - Soft delete executed for Shelf ID: 05295413-91eb-455f-8bfd-c63ac063827b, Deleted by: omer@gmail.com, Delete date: 2024-05-19T21:31:32.917531300, Success: true
2024-05-19 21:31:32 INFO  c.t.c.u.logging.LoggingManager - Soft delete executed for Shelf ID: 05295413-91eb-455f-8bfd-c63ac063827b, Deleted by: omer@gmail.com, Delete date: 2024-05-19T21:31:32.929518200, Success: false
2024-05-19 21:38:27 INFO  c.t.c.u.logging.LoggingManager - Create operation for User ID: null, Created by: omer@gmail.com, Created date: 2024-05-19T21:38:27.673612200
2024-05-19 21:39:53 INFO  c.t.c.u.logging.LoggingManager - Create operation for Category ID: null, Created by: omer@gmail.com, Created date: 2024-05-19T21:39:53.923812500
2024-05-19 21:40:01 INFO  c.t.c.u.logging.LoggingManager - Update operation for Category ID: ab2a68f6-e441-4c8e-9d87-6eaf685d08c1, Updated by: omer@gmail.com, Updated date: 2024-05-19T21:40:01.306045400, Update details: Updated with params: [Category(categoryName=deneme, products=null)]
2024-05-19 21:40:09 INFO  c.t.c.u.logging.LoggingManager - Soft delete executed for Category ID: ab2a68f6-e441-4c8e-9d87-6eaf685d08c1, Deleted by: omer@gmail.com, Delete date: 2024-05-19T21:40:09.241640500
2024-05-19 21:41:47 INFO  c.t.c.u.logging.LoggingManager - Update operation for Supplier ID: 98a994bb-14eb-11ef-8a81-28d244a16b53, Updated by: omer@gmail.com, Updated date: 2024-05-19T21:41:47.858611, Update details: Updated with params: [Supplier(companyName=Apple LTD, contactName=Steve Jobs, contactEmail=steve@gmail.com, contactPhone=5555555555, taxNumber=null, address=California, products=null)]
2024-05-19 21:41:59 INFO  c.t.c.u.logging.LoggingManager - Update operation for Supplier ID: 98a994bb-14eb-11ef-8a81-28d244a16b53, Updated by: omer@gmail.com, Updated date: 2024-05-19T21:41:59.361463300, Update details: Updated with params: [Supplier(companyName=Apple LTD ŞTİ, contactName=Steve Jobs, contactEmail=steve@gmail.com, contactPhone=5555555555, taxNumber=null, address=California, products=null)]
2024-05-19 21:42:18 INFO  c.t.c.u.logging.LoggingManager - Update operation for Customer ID: 2e1e8c59-14f4-11ef-8a81-28d244a16b53, Updated by: omer@gmail.com, Updated date: 2024-05-19T21:42:18.395808800, Update details: Updated with params: [Customer(companyName=Tobeto Bilişim, contactName=Gürkan İlişen, contactEmail=gurkan@tobeto.com, contactPhone=5427463664, taxNumber=null, address=İstanbul, orders=null, invoices=null)]
2024-05-19 21:42:24 INFO  c.t.c.u.logging.LoggingManager - Update operation for Customer ID: 2e1e8c59-14f4-11ef-8a81-28d244a16b53, Updated by: omer@gmail.com, Updated date: 2024-05-19T21:42:24.487528400, Update details: Updated with params: [Customer(companyName=Tobeto Bilişim A.Ş, contactName=Gürkan İlişen, contactEmail=gurkan@tobeto.com, contactPhone=5427463664, taxNumber=null, address=İstanbul, orders=null, invoices=null)]
2024-05-19 21:58:53 INFO  c.t.c.u.logging.LoggingManager - Soft delete executed for User ID: ac099550-2776-446f-b783-1e089d0cd293, Deleted by: omer@gmail.com, Delete date: 2024-05-19T21:58:53.768969900
2024-05-19 22:01:06 INFO  c.t.c.u.logging.LoggingManager - Create operation for User ID: null, Created by: omer@gmail.com, Created date: 2024-05-19T22:01:06.017413200
2024-05-19 22:19:43 INFO  c.t.c.u.logging.LoggingManager - Update operation for User ID: 15a82af1-b52b-48ef-8167-6aa4301ba895, Updated by: omer@gmail.com, Updated date: 2024-05-19T22:19:43.743762300, Update details: Updated with params: User(id=15a82af1-b52b-48ef-8167-6aa4301ba895, email=test@gmail.com), Success: true
2024-05-19 22:21:25 INFO  c.t.c.u.logging.LoggingManager - Update operation for User ID: 15a82af1-b52b-48ef-8167-6aa4301ba895, Updated by: omer@gmail.com, Updated date: 2024-05-19T22:21:25.450823600, Update details: Updated with params: User(id=15a82af1-b52b-48ef-8167-6aa4301ba895, email=deneme@gmail.com), Success: true
2024-05-19 22:24:20 INFO  c.t.c.u.logging.LoggingManager - Update operation for User ID: 15a82af1-b52b-48ef-8167-6aa4301ba895, Updated by: omer@gmail.com, Updated date: 2024-05-19T22:24:20.233132300, Update details: Updated with params: User(id=15a82af1-b52b-48ef-8167-6aa4301ba895, email=test@gmail.com), Success: true
2024-05-19 23:39:14 INFO  c.t.c.u.logging.LoggingManager - Update operation for User ID: 15a82af1-b52b-48ef-8167-6aa4301ba895, Updated by: omer@gmail.com, Updated date: 2024-05-19T23:39:14.610219200, Update details: Updated with params: User(id=15a82af1-b52b-48ef-8167-6aa4301ba895, email=deneme@gmail.com), Success: true
2024-05-19 23:49:23 INFO  c.t.c.u.logging.LoggingManager - Update operation for User ID: 15a82af1-b52b-48ef-8167-6aa4301ba895, Updated by: omer@gmail.com, Updated date: 2024-05-19T23:49:23.103476100, Update details: Updated with params: User(id=15a82af1-b52b-48ef-8167-6aa4301ba895, email=deneme@gmail.com), Success: true
2024-05-19 23:49:52 INFO  c.t.c.u.logging.LoggingManager - Update operation for User ID: 15a82af1-b52b-48ef-8167-6aa4301ba895, Updated by: omer@gmail.com, Updated date: 2024-05-19T23:49:52.955241700, Update details: Updated with params: User(id=15a82af1-b52b-48ef-8167-6aa4301ba895, email=test@gmail.com), Success: true
2024-05-19 23:50:23 INFO  c.t.c.u.logging.LoggingManager - Soft delete executed for User ID: 15a82af1-b52b-48ef-8167-6aa4301ba895, Deleted by: omer@gmail.com, Delete date: 2024-05-19T23:50:23.959763
